2019-06-12 16:24:12 [scrapy.utils.log] INFO: Scrapy 1.6.0 started (bot: Auto51)
2019-06-12 16:24:12 [scrapy.utils.log] INFO: Versions: lxml 4.3.4.0, libxml2 2.9.9, cssselect 1.0.3, parsel 1.5.1, w3lib 1.20.0, Twisted 19.2.1, Python 3.5.4 (v3.5.4:3f56838, Aug  8 2017, 02:17:05) [MSC v.1900 64 bit (AMD64)], pyOpenSSL 19.0.0 (OpenSSL 1.1.1c  28 May 2019), cryptography 2.7, Platform Windows-10-10.0.17763-SP0
2019-06-12 16:24:12 [scrapy.crawler] INFO: Overridden settings: {'LOG_FILE': 'TencentSpider.log', 'NEWSPIDER_MODULE': 'Auto51.spiders', 'SPIDER_MODULES': ['Auto51.spiders'], 'BOT_NAME': 'Auto51'}
2019-06-12 16:24:12 [scrapy.extensions.telnet] INFO: Telnet Password: a47198f2d3508e2d
2019-06-12 16:24:12 [scrapy.middleware] INFO: Enabled extensions:
['scrapy.extensions.logstats.LogStats',
 'scrapy.extensions.corestats.CoreStats',
 'scrapy.extensions.telnet.TelnetConsole']
2019-06-12 16:24:12 [scrapy.middleware] INFO: Enabled downloader middlewares:
['scrapy.downloadermiddlewares.httpauth.HttpAuthMiddleware',
 'scrapy.downloadermiddlewares.downloadtimeout.DownloadTimeoutMiddleware',
 'scrapy.downloadermiddlewares.defaultheaders.DefaultHeadersMiddleware',
 'scrapy.downloadermiddlewares.useragent.UserAgentMiddleware',
 'scrapy.downloadermiddlewares.retry.RetryMiddleware',
 'scrapy.downloadermiddlewares.redirect.MetaRefreshMiddleware',
 'scrapy.downloadermiddlewares.httpcompression.HttpCompressionMiddleware',
 'scrapy.downloadermiddlewares.redirect.RedirectMiddleware',
 'scrapy.downloadermiddlewares.cookies.CookiesMiddleware',
 'scrapy.downloadermiddlewares.httpproxy.HttpProxyMiddleware',
 'scrapy.downloadermiddlewares.stats.DownloaderStats']
2019-06-12 16:24:12 [scrapy.middleware] INFO: Enabled spider middlewares:
['scrapy.spidermiddlewares.httperror.HttpErrorMiddleware',
 'scrapy.spidermiddlewares.offsite.OffsiteMiddleware',
 'scrapy.spidermiddlewares.referer.RefererMiddleware',
 'scrapy.spidermiddlewares.urllength.UrlLengthMiddleware',
 'scrapy.spidermiddlewares.depth.DepthMiddleware']
2019-06-12 16:24:12 [scrapy.middleware] INFO: Enabled item pipelines:
['Auto51.pipelines.MysqlTwistedPipline']
2019-06-12 16:24:12 [scrapy.core.engine] INFO: Spider opened
2019-06-12 16:24:12 [scrapy.extensions.logstats] INFO: Crawled 0 pages (at 0 pages/min), scraped 0 items (at 0 items/min)
2019-06-12 16:24:12 [scrapy.extensions.telnet] INFO: Telnet console listening on 127.0.0.1:6023
2019-06-12 16:24:12 [scrapy.core.engine] DEBUG: Crawled (200) <GET http://search.51auto.com/quanguo/pabmdcigf?searchtype=searcarlist> (referer: None)
2019-06-12 16:24:13 [scrapy.core.engine] INFO: Closing spider (finished)
2019-06-12 16:24:13 [scrapy.statscollectors] INFO: Dumping Scrapy stats:
{'downloader/request_bytes': 256,
 'downloader/request_count': 1,
 'downloader/request_method_count/GET': 1,
 'downloader/response_bytes': 1545,
 'downloader/response_count': 1,
 'downloader/response_status_count/200': 1,
 'finish_reason': 'finished',
 'finish_time': datetime.datetime(2019, 6, 12, 8, 24, 13, 92470),
 'log_count/DEBUG': 1,
 'log_count/INFO': 9,
 'response_received_count': 1,
 'scheduler/dequeued': 1,
 'scheduler/dequeued/memory': 1,
 'scheduler/enqueued': 1,
 'scheduler/enqueued/memory': 1,
 'start_time': datetime.datetime(2019, 6, 12, 8, 24, 12, 877535)}
2019-06-12 16:24:13 [scrapy.core.engine] INFO: Spider closed (finished)
2019-06-12 16:24:48 [scrapy.utils.log] INFO: Scrapy 1.6.0 started (bot: Auto51)
2019-06-12 16:24:48 [scrapy.utils.log] INFO: Versions: lxml 4.3.4.0, libxml2 2.9.9, cssselect 1.0.3, parsel 1.5.1, w3lib 1.20.0, Twisted 19.2.1, Python 3.5.4 (v3.5.4:3f56838, Aug  8 2017, 02:17:05) [MSC v.1900 64 bit (AMD64)], pyOpenSSL 19.0.0 (OpenSSL 1.1.1c  28 May 2019), cryptography 2.7, Platform Windows-10-10.0.17763-SP0
2019-06-12 16:24:48 [scrapy.crawler] INFO: Overridden settings: {'NEWSPIDER_MODULE': 'Auto51.spiders', 'BOT_NAME': 'Auto51', 'SPIDER_MODULES': ['Auto51.spiders'], 'LOG_FILE': 'TencentSpider.log'}
2019-06-12 16:24:48 [scrapy.extensions.telnet] INFO: Telnet Password: 7fb146304aba3bb3
2019-06-12 16:24:48 [scrapy.middleware] INFO: Enabled extensions:
['scrapy.extensions.telnet.TelnetConsole',
 'scrapy.extensions.corestats.CoreStats',
 'scrapy.extensions.logstats.LogStats']
2019-06-12 16:24:48 [scrapy.middleware] INFO: Enabled downloader middlewares:
['scrapy.downloadermiddlewares.httpauth.HttpAuthMiddleware',
 'scrapy.downloadermiddlewares.downloadtimeout.DownloadTimeoutMiddleware',
 'scrapy.downloadermiddlewares.defaultheaders.DefaultHeadersMiddleware',
 'scrapy.downloadermiddlewares.useragent.UserAgentMiddleware',
 'scrapy.downloadermiddlewares.retry.RetryMiddleware',
 'scrapy.downloadermiddlewares.redirect.MetaRefreshMiddleware',
 'scrapy.downloadermiddlewares.httpcompression.HttpCompressionMiddleware',
 'scrapy.downloadermiddlewares.redirect.RedirectMiddleware',
 'scrapy.downloadermiddlewares.cookies.CookiesMiddleware',
 'scrapy.downloadermiddlewares.httpproxy.HttpProxyMiddleware',
 'scrapy.downloadermiddlewares.stats.DownloaderStats']
2019-06-12 16:24:48 [scrapy.middleware] INFO: Enabled spider middlewares:
['scrapy.spidermiddlewares.httperror.HttpErrorMiddleware',
 'scrapy.spidermiddlewares.offsite.OffsiteMiddleware',
 'scrapy.spidermiddlewares.referer.RefererMiddleware',
 'scrapy.spidermiddlewares.urllength.UrlLengthMiddleware',
 'scrapy.spidermiddlewares.depth.DepthMiddleware']
2019-06-12 16:24:49 [scrapy.middleware] INFO: Enabled item pipelines:
['Auto51.pipelines.MysqlTwistedPipline']
2019-06-12 16:24:49 [scrapy.core.engine] INFO: Spider opened
2019-06-12 16:24:49 [scrapy.extensions.logstats] INFO: Crawled 0 pages (at 0 pages/min), scraped 0 items (at 0 items/min)
2019-06-12 16:24:49 [scrapy.extensions.telnet] INFO: Telnet console listening on 127.0.0.1:6023
2019-06-12 16:24:49 [scrapy.core.engine] DEBUG: Crawled (200) <GET http://search.51auto.com/quanguo/pabmdcigf?searchtype=searcarlist> (referer: None)
2019-06-12 16:24:49 [scrapy.core.engine] INFO: Closing spider (finished)
2019-06-12 16:24:49 [scrapy.statscollectors] INFO: Dumping Scrapy stats:
{'downloader/request_bytes': 256,
 'downloader/request_count': 1,
 'downloader/request_method_count/GET': 1,
 'downloader/response_bytes': 1545,
 'downloader/response_count': 1,
 'downloader/response_status_count/200': 1,
 'finish_reason': 'finished',
 'finish_time': datetime.datetime(2019, 6, 12, 8, 24, 49, 262278),
 'log_count/DEBUG': 1,
 'log_count/INFO': 9,
 'response_received_count': 1,
 'scheduler/dequeued': 1,
 'scheduler/dequeued/memory': 1,
 'scheduler/enqueued': 1,
 'scheduler/enqueued/memory': 1,
 'start_time': datetime.datetime(2019, 6, 12, 8, 24, 49, 12735)}
2019-06-12 16:24:49 [scrapy.core.engine] INFO: Spider closed (finished)
2019-06-12 16:25:00 [scrapy.utils.log] INFO: Scrapy 1.6.0 started (bot: Auto51)
2019-06-12 16:25:00 [scrapy.utils.log] INFO: Versions: lxml 4.3.4.0, libxml2 2.9.9, cssselect 1.0.3, parsel 1.5.1, w3lib 1.20.0, Twisted 19.2.1, Python 3.5.4 (v3.5.4:3f56838, Aug  8 2017, 02:17:05) [MSC v.1900 64 bit (AMD64)], pyOpenSSL 19.0.0 (OpenSSL 1.1.1c  28 May 2019), cryptography 2.7, Platform Windows-10-10.0.17763-SP0
2019-06-12 16:25:00 [scrapy.crawler] INFO: Overridden settings: {'BOT_NAME': 'Auto51', 'SPIDER_MODULES': ['Auto51.spiders'], 'NEWSPIDER_MODULE': 'Auto51.spiders', 'LOG_FILE': 'TencentSpider.log'}
2019-06-12 16:25:00 [scrapy.extensions.telnet] INFO: Telnet Password: 828934731552c8e6
2019-06-12 16:25:00 [scrapy.middleware] INFO: Enabled extensions:
['scrapy.extensions.corestats.CoreStats',
 'scrapy.extensions.telnet.TelnetConsole',
 'scrapy.extensions.logstats.LogStats']
2019-06-12 16:25:01 [scrapy.middleware] INFO: Enabled downloader middlewares:
['scrapy.downloadermiddlewares.httpauth.HttpAuthMiddleware',
 'scrapy.downloadermiddlewares.downloadtimeout.DownloadTimeoutMiddleware',
 'scrapy.downloadermiddlewares.defaultheaders.DefaultHeadersMiddleware',
 'scrapy.downloadermiddlewares.useragent.UserAgentMiddleware',
 'scrapy.downloadermiddlewares.retry.RetryMiddleware',
 'scrapy.downloadermiddlewares.redirect.MetaRefreshMiddleware',
 'scrapy.downloadermiddlewares.httpcompression.HttpCompressionMiddleware',
 'scrapy.downloadermiddlewares.redirect.RedirectMiddleware',
 'scrapy.downloadermiddlewares.cookies.CookiesMiddleware',
 'scrapy.downloadermiddlewares.httpproxy.HttpProxyMiddleware',
 'scrapy.downloadermiddlewares.stats.DownloaderStats']
2019-06-12 16:25:01 [scrapy.middleware] INFO: Enabled spider middlewares:
['scrapy.spidermiddlewares.httperror.HttpErrorMiddleware',
 'scrapy.spidermiddlewares.offsite.OffsiteMiddleware',
 'scrapy.spidermiddlewares.referer.RefererMiddleware',
 'scrapy.spidermiddlewares.urllength.UrlLengthMiddleware',
 'scrapy.spidermiddlewares.depth.DepthMiddleware']
2019-06-12 16:25:01 [scrapy.middleware] INFO: Enabled item pipelines:
['Auto51.pipelines.MysqlTwistedPipline']
2019-06-12 16:25:01 [scrapy.core.engine] INFO: Spider opened
2019-06-12 16:25:01 [scrapy.extensions.logstats] INFO: Crawled 0 pages (at 0 pages/min), scraped 0 items (at 0 items/min)
2019-06-12 16:25:01 [scrapy.extensions.telnet] INFO: Telnet console listening on 127.0.0.1:6023
2019-06-12 16:25:01 [scrapy.core.engine] DEBUG: Crawled (200) <GET http://search.51auto.com/quanguo/pabmdcigf?searchtype=searcarlist> (referer: None)
2019-06-12 16:25:01 [scrapy.core.engine] INFO: Closing spider (finished)
2019-06-12 16:25:01 [scrapy.statscollectors] INFO: Dumping Scrapy stats:
{'downloader/request_bytes': 256,
 'downloader/request_count': 1,
 'downloader/request_method_count/GET': 1,
 'downloader/response_bytes': 1545,
 'downloader/response_count': 1,
 'downloader/response_status_count/200': 1,
 'finish_reason': 'finished',
 'finish_time': datetime.datetime(2019, 6, 12, 8, 25, 1, 578452),
 'log_count/DEBUG': 1,
 'log_count/INFO': 9,
 'response_received_count': 1,
 'scheduler/dequeued': 1,
 'scheduler/dequeued/memory': 1,
 'scheduler/enqueued': 1,
 'scheduler/enqueued/memory': 1,
 'start_time': datetime.datetime(2019, 6, 12, 8, 25, 1, 309352)}
2019-06-12 16:25:01 [scrapy.core.engine] INFO: Spider closed (finished)
2019-06-12 16:25:18 [scrapy.utils.log] INFO: Scrapy 1.6.0 started (bot: Auto51)
2019-06-12 16:25:18 [scrapy.utils.log] INFO: Versions: lxml 4.3.4.0, libxml2 2.9.9, cssselect 1.0.3, parsel 1.5.1, w3lib 1.20.0, Twisted 19.2.1, Python 3.5.4 (v3.5.4:3f56838, Aug  8 2017, 02:17:05) [MSC v.1900 64 bit (AMD64)], pyOpenSSL 19.0.0 (OpenSSL 1.1.1c  28 May 2019), cryptography 2.7, Platform Windows-10-10.0.17763-SP0
2019-06-12 16:25:18 [scrapy.crawler] INFO: Overridden settings: {'BOT_NAME': 'Auto51', 'LOG_FILE': 'TencentSpider.log', 'SPIDER_MODULES': ['Auto51.spiders'], 'NEWSPIDER_MODULE': 'Auto51.spiders'}
2019-06-12 16:25:18 [scrapy.extensions.telnet] INFO: Telnet Password: 0c363de1aea5bdfe
2019-06-12 16:25:19 [scrapy.middleware] INFO: Enabled extensions:
['scrapy.extensions.logstats.LogStats',
 'scrapy.extensions.telnet.TelnetConsole',
 'scrapy.extensions.corestats.CoreStats']
2019-06-12 16:25:19 [scrapy.middleware] INFO: Enabled downloader middlewares:
['scrapy.downloadermiddlewares.httpauth.HttpAuthMiddleware',
 'scrapy.downloadermiddlewares.downloadtimeout.DownloadTimeoutMiddleware',
 'scrapy.downloadermiddlewares.defaultheaders.DefaultHeadersMiddleware',
 'scrapy.downloadermiddlewares.useragent.UserAgentMiddleware',
 'scrapy.downloadermiddlewares.retry.RetryMiddleware',
 'scrapy.downloadermiddlewares.redirect.MetaRefreshMiddleware',
 'scrapy.downloadermiddlewares.httpcompression.HttpCompressionMiddleware',
 'scrapy.downloadermiddlewares.redirect.RedirectMiddleware',
 'scrapy.downloadermiddlewares.cookies.CookiesMiddleware',
 'scrapy.downloadermiddlewares.httpproxy.HttpProxyMiddleware',
 'scrapy.downloadermiddlewares.stats.DownloaderStats']
2019-06-12 16:25:19 [scrapy.middleware] INFO: Enabled spider middlewares:
['scrapy.spidermiddlewares.httperror.HttpErrorMiddleware',
 'scrapy.spidermiddlewares.offsite.OffsiteMiddleware',
 'scrapy.spidermiddlewares.referer.RefererMiddleware',
 'scrapy.spidermiddlewares.urllength.UrlLengthMiddleware',
 'scrapy.spidermiddlewares.depth.DepthMiddleware']
2019-06-12 16:25:19 [scrapy.middleware] INFO: Enabled item pipelines:
['Auto51.pipelines.MysqlTwistedPipline']
2019-06-12 16:25:19 [scrapy.core.engine] INFO: Spider opened
2019-06-12 16:25:19 [scrapy.extensions.logstats] INFO: Crawled 0 pages (at 0 pages/min), scraped 0 items (at 0 items/min)
2019-06-12 16:25:19 [scrapy.extensions.telnet] INFO: Telnet console listening on 127.0.0.1:6023
2019-06-12 16:25:19 [scrapy.core.engine] DEBUG: Crawled (200) <GET http://search.51auto.com/quanguo/pabmdcigf?searchtype=searcarlist> (referer: None)
2019-06-12 16:25:19 [scrapy.core.engine] INFO: Closing spider (finished)
2019-06-12 16:25:19 [scrapy.statscollectors] INFO: Dumping Scrapy stats:
{'downloader/request_bytes': 256,
 'downloader/request_count': 1,
 'downloader/request_method_count/GET': 1,
 'downloader/response_bytes': 1545,
 'downloader/response_count': 1,
 'downloader/response_status_count/200': 1,
 'finish_reason': 'finished',
 'finish_time': datetime.datetime(2019, 6, 12, 8, 25, 19, 539642),
 'log_count/DEBUG': 1,
 'log_count/INFO': 9,
 'response_received_count': 1,
 'scheduler/dequeued': 1,
 'scheduler/dequeued/memory': 1,
 'scheduler/enqueued': 1,
 'scheduler/enqueued/memory': 1,
 'start_time': datetime.datetime(2019, 6, 12, 8, 25, 19, 316997)}
2019-06-12 16:25:19 [scrapy.core.engine] INFO: Spider closed (finished)
2019-06-12 16:25:31 [scrapy.utils.log] INFO: Scrapy 1.6.0 started (bot: Auto51)
2019-06-12 16:25:31 [scrapy.utils.log] INFO: Versions: lxml 4.3.4.0, libxml2 2.9.9, cssselect 1.0.3, parsel 1.5.1, w3lib 1.20.0, Twisted 19.2.1, Python 3.5.4 (v3.5.4:3f56838, Aug  8 2017, 02:17:05) [MSC v.1900 64 bit (AMD64)], pyOpenSSL 19.0.0 (OpenSSL 1.1.1c  28 May 2019), cryptography 2.7, Platform Windows-10-10.0.17763-SP0
2019-06-12 16:25:31 [scrapy.crawler] INFO: Overridden settings: {'LOG_FILE': 'TencentSpider.log', 'NEWSPIDER_MODULE': 'Auto51.spiders', 'BOT_NAME': 'Auto51', 'SPIDER_MODULES': ['Auto51.spiders']}
2019-06-12 16:25:31 [scrapy.extensions.telnet] INFO: Telnet Password: f9cad75385cdcd66
2019-06-12 16:25:31 [scrapy.middleware] INFO: Enabled extensions:
['scrapy.extensions.telnet.TelnetConsole',
 'scrapy.extensions.logstats.LogStats',
 'scrapy.extensions.corestats.CoreStats']
2019-06-12 16:25:31 [scrapy.middleware] INFO: Enabled downloader middlewares:
['scrapy.downloadermiddlewares.httpauth.HttpAuthMiddleware',
 'scrapy.downloadermiddlewares.downloadtimeout.DownloadTimeoutMiddleware',
 'scrapy.downloadermiddlewares.defaultheaders.DefaultHeadersMiddleware',
 'scrapy.downloadermiddlewares.useragent.UserAgentMiddleware',
 'scrapy.downloadermiddlewares.retry.RetryMiddleware',
 'scrapy.downloadermiddlewares.redirect.MetaRefreshMiddleware',
 'scrapy.downloadermiddlewares.httpcompression.HttpCompressionMiddleware',
 'scrapy.downloadermiddlewares.redirect.RedirectMiddleware',
 'scrapy.downloadermiddlewares.cookies.CookiesMiddleware',
 'scrapy.downloadermiddlewares.httpproxy.HttpProxyMiddleware',
 'scrapy.downloadermiddlewares.stats.DownloaderStats']
2019-06-12 16:25:31 [scrapy.middleware] INFO: Enabled spider middlewares:
['scrapy.spidermiddlewares.httperror.HttpErrorMiddleware',
 'scrapy.spidermiddlewares.offsite.OffsiteMiddleware',
 'scrapy.spidermiddlewares.referer.RefererMiddleware',
 'scrapy.spidermiddlewares.urllength.UrlLengthMiddleware',
 'scrapy.spidermiddlewares.depth.DepthMiddleware']
2019-06-12 16:25:31 [scrapy.middleware] INFO: Enabled item pipelines:
['Auto51.pipelines.MysqlTwistedPipline']
2019-06-12 16:25:31 [scrapy.core.engine] INFO: Spider opened
2019-06-12 16:25:31 [scrapy.extensions.logstats] INFO: Crawled 0 pages (at 0 pages/min), scraped 0 items (at 0 items/min)
2019-06-12 16:25:31 [scrapy.extensions.telnet] INFO: Telnet console listening on 127.0.0.1:6023
2019-06-12 16:25:31 [scrapy.core.engine] DEBUG: Crawled (200) <GET http://search.51auto.com/quanguo/pabmdcigf?searchtype=searcarlist> (referer: None)
2019-06-12 16:25:31 [scrapy.core.engine] INFO: Closing spider (finished)
2019-06-12 16:25:31 [scrapy.statscollectors] INFO: Dumping Scrapy stats:
{'downloader/request_bytes': 256,
 'downloader/request_count': 1,
 'downloader/request_method_count/GET': 1,
 'downloader/response_bytes': 1545,
 'downloader/response_count': 1,
 'downloader/response_status_count/200': 1,
 'finish_reason': 'finished',
 'finish_time': datetime.datetime(2019, 6, 12, 8, 25, 31, 774999),
 'log_count/DEBUG': 1,
 'log_count/INFO': 9,
 'response_received_count': 1,
 'scheduler/dequeued': 1,
 'scheduler/dequeued/memory': 1,
 'scheduler/enqueued': 1,
 'scheduler/enqueued/memory': 1,
 'start_time': datetime.datetime(2019, 6, 12, 8, 25, 31, 557010)}
2019-06-12 16:25:31 [scrapy.core.engine] INFO: Spider closed (finished)
